<?xml version="1.0" encoding="UTF-8"?>
<testng-results ignored="0" total="1" passed="1" failed="0" skipped="0">
  <reporter-output>
  </reporter-output>
  <suite started-at="2021-08-03T16:17:29 IST" name="Default suite" finished-at="2021-08-03T16:17:36 IST" duration-ms="6904">
    <groups>
    </groups>
    <test started-at="2021-08-03T16:17:29 IST" name="Default test" finished-at="2021-08-03T16:17:36 IST" duration-ms="6904">
      <class name="com.tanmoy.Datoms.baseTest">
        <test-method is-config="true" signature="beforeMethod()[pri:0, instance:com.tanmoy.Datoms.baseTest@76c3e77a]" started-at="2021-08-03T16:17:29 IST" name="beforeMethod" finished-at="2021-08-03T16:17:33 IST" duration-ms="3643" status="PASS">
          <reporter-output>
          </reporter-output>
        </test-method> <!-- beforeMethod -->
        <test-method signature="loginPage()[pri:0, instance:com.tanmoy.Datoms.baseTest@76c3e77a]" started-at="2021-08-03T16:17:33 IST" name="loginPage" finished-at="2021-08-03T16:17:36 IST" duration-ms="3180" status="PASS">
          <reporter-output>
          </reporter-output>
        </test-method> <!-- loginPage -->
        <test-method is-config="true" signature="afterTest()[pri:0, instance:com.tanmoy.Datoms.baseTest@76c3e77a]" started-at="2021-08-03T16:17:36 IST" name="afterTest" finished-at="2021-08-03T16:17:36 IST" duration-ms="0" status="PASS">
          <reporter-output>
          </reporter-output>
        </test-method> <!-- afterTest -->
      </class> <!-- com.tanmoy.Datoms.baseTest -->
    </test> <!-- Default test -->
  </suite> <!-- Default suite -->
</testng-results>
